Build started 04/03/2015 05:07:15.
     1>Project "C:\Users\blogs_000\Documents\Visual Studio 2012\Projects\Football RPG\cube\cube.vcxproj" on node 2 (Build target(s)).
     1>ClCompile:
         C:\Program Files (x86)\Microsoft Visual Studio 11.0\VC\bin\CL.exe /c /ZI /nologo /W3 /WX- /sdl /Od /Oy- /D _MBCS /Gm /EHsc /RTC1 /MDd /GS /fp:precise /Zc:wchar_t /Zc:forScope /Fo"Debug\\" /Fd"Debug\vc110.pdb" /Gd /TP /analyze- /errorReport:prompt main.cpp
         main.cpp
     1>c:\users\blogs_000\documents\visual studio 2012\projects\football rpg\cube\main.cpp(369): warning C4244: 'initializing' : conversion from 'double' to 'GLfloat', possible loss of data
     1>c:\users\blogs_000\documents\visual studio 2012\projects\football rpg\cube\main.cpp(457): warning C4244: '=' : conversion from 'double' to 'GLfloat', possible loss of data
     1>c:\users\blogs_000\documents\visual studio 2012\projects\football rpg\cube\main.cpp(458): warning C4244: '=' : conversion from 'double' to 'GLfloat', possible loss of data
     1>c:\users\blogs_000\documents\visual studio 2012\projects\football rpg\cube\main.cpp(462): warning C4244: 'initializing' : conversion from 'double' to 'GLfloat', possible loss of data
     1>c:\users\blogs_000\documents\visual studio 2012\projects\football rpg\cube\main.cpp(463): warning C4244: 'initializing' : conversion from 'double' to 'GLfloat', possible loss of data
     1>c:\users\blogs_000\documents\visual studio 2012\projects\football rpg\cube\main.cpp(465): warning C4244: '=' : conversion from 'double' to 'GLfloat', possible loss of data
     1>c:\users\blogs_000\documents\visual studio 2012\projects\football rpg\cube\main.cpp(466): warning C4244: '=' : conversion from 'double' to 'GLfloat', possible loss of data
     1>c:\users\blogs_000\documents\visual studio 2012\projects\football rpg\cube\main.cpp(474): warning C4244: 'argument' : conversion from 'double' to 'GLfloat', possible loss of data
       Link:
         C:\Program Files (x86)\Microsoft Visual Studio 11.0\VC\bin\link.exe /ERRORREPORT:PROMPT /OUT:"C:\Users\blogs_000\Documents\Visual Studio 2012\Projects\Football RPG\Debug\Football RPG.exe" /INCREMENTAL /NOLOGO opengl32.lib glfw3.lib glew32s.lib SOIL.lib kernel32.lib user32.lib gdi32.lib winspool.lib comdlg32.lib advapi32.lib shell32.lib ole32.lib oleaut32.lib uuid.lib odbc32.lib odbccp32.lib /MANIFEST /MANIFESTUAC:"level='asInvoker' uiAccess='false'" /manifest:embed /DEBUG /PDB:"C:\Users\blogs_000\Documents\Visual Studio 2012\Projects\Football RPG\Debug\Football RPG.pdb" /TLBID:1 /DYNAMICBASE /NXCOMPAT /IMPLIB:"C:\Users\blogs_000\Documents\Visual Studio 2012\Projects\Football RPG\Debug\Football RPG.lib" /MACHINE:X86 Debug\cube.res
         Debug\main.obj
         cube.vcxproj -> C:\Users\blogs_000\Documents\Visual Studio 2012\Projects\Football RPG\Debug\Football RPG.exe
     1>Done Building Project "C:\Users\blogs_000\Documents\Visual Studio 2012\Projects\Football RPG\cube\cube.vcxproj" (Build target(s)).

Build succeeded.

Time Elapsed 00:00:06.48
